<?xml version="1.0" encoding="UTF-8"?>
<testng-results ignored="0" total="12" passed="12" failed="0" skipped="0">
  <reporter-output>
  </reporter-output>
  <suite started-at="2024-09-24T23:32:49 IST" name="Default suite" finished-at="2024-09-24T23:32:51 IST" duration-ms="2333">
    <groups>
      <group name="cucumber">
        <method signature="AbstractTestNGCucumberTests.runScenario(io.cucumber.testng.PickleWrapper,io.cucumber.testng.FeatureWrapper)[pri:0, instance:TestRunner@4d1c005e]" name="runScenario" class="io.cucumber.testng.AbstractTestNGCucumberTests"/>
      </group> <!-- cucumber -->
    </groups>
    <test started-at="2024-09-24T23:32:49 IST" name="Default test" finished-at="2024-09-24T23:32:51 IST" duration-ms="2333">
      <class name="TestRunner">
        <test-method is-config="true" signature="setUpClass(org.testng.ITestContext)[pri:0, instance:TestRunner@4d1c005e]" started-at="2024-09-24T23:32:49 IST" name="setUpClass" finished-at="2024-09-24T23:32:51 IST" duration-ms="1586" status="PASS">
          <params>
            <param index="0">
              <value>
                <![CDATA[org.testng.TestRunner@4a1e3ac1]]>
              </value>
            </param>
          </params>
          <reporter-output>
          </reporter-output>
        </test-method> <!-- setUpClass -->
        <test-method signature="runScenario(io.cucumber.testng.PickleWrapper,io.cucumber.testng.FeatureWrapper)[pri:0, instance:TestRunner@4d1c005e]" started-at="2024-09-24T23:32:51 IST" name="runScenario" description="Runs Cucumber Scenarios" data-provider="scenarios" finished-at="2024-09-24T23:32:51 IST" duration-ms="198" status="PASS">
          <params>
            <param index="0">
              <value>
                <![CDATA["User login page01"]]>
              </value>
            </param>
            <param index="1">
              <value>
                <![CDATA["login Application page"]]>
              </value>
            </param>
          </params>
          <reporter-output>
          </reporter-output>
        </test-method> <!-- runScenario -->
        <test-method signature="runScenario(io.cucumber.testng.PickleWrapper,io.cucumber.testng.FeatureWrapper)[pri:0, instance:TestRunner@4d1c005e]" started-at="2024-09-24T23:32:51 IST" name="runScenario" description="Runs Cucumber Scenarios" data-provider="scenarios" finished-at="2024-09-24T23:32:51 IST" duration-ms="53" status="PASS">
          <params>
            <param index="0">
              <value>
                <![CDATA["Admin login page02"]]>
              </value>
            </param>
            <param index="1">
              <value>
                <![CDATA["login Application page"]]>
              </value>
            </param>
          </params>
          <reporter-output>
          </reporter-output>
        </test-method> <!-- runScenario -->
        <test-method signature="runScenario(io.cucumber.testng.PickleWrapper,io.cucumber.testng.FeatureWrapper)[pri:0, instance:TestRunner@4d1c005e]" started-at="2024-09-24T23:32:51 IST" name="runScenario" description="Runs Cucumber Scenarios" data-provider="scenarios" finished-at="2024-09-24T23:32:51 IST" duration-ms="24" status="PASS">
          <params>
            <param index="0">
              <value>
                <![CDATA["mortgage user login page03"]]>
              </value>
            </param>
            <param index="1">
              <value>
                <![CDATA["login Application page"]]>
              </value>
            </param>
          </params>
          <reporter-output>
          </reporter-output>
        </test-method> <!-- runScenario -->
        <test-method signature="runScenario(io.cucumber.testng.PickleWrapper,io.cucumber.testng.FeatureWrapper)[pri:0, instance:TestRunner@4d1c005e]" started-at="2024-09-24T23:32:51 IST" name="runScenario" description="Runs Cucumber Scenarios" data-provider="scenarios" finished-at="2024-09-24T23:32:51 IST" duration-ms="34" status="PASS">
          <params>
            <param index="0">
              <value>
                <![CDATA["parameterization method04"]]>
              </value>
            </param>
            <param index="1">
              <value>
                <![CDATA["login Application page"]]>
              </value>
            </param>
          </params>
          <reporter-output>
          </reporter-output>
        </test-method> <!-- runScenario -->
        <test-method signature="runScenario(io.cucumber.testng.PickleWrapper,io.cucumber.testng.FeatureWrapper)[pri:0, instance:TestRunner@4d1c005e]" started-at="2024-09-24T23:32:51 IST" name="runScenario" description="Runs Cucumber Scenarios" data-provider="scenarios" finished-at="2024-09-24T23:32:51 IST" duration-ms="27" status="PASS">
          <params>
            <param index="0">
              <value>
                <![CDATA["parameterization method04"]]>
              </value>
            </param>
            <param index="1">
              <value>
                <![CDATA["login Application page"]]>
              </value>
            </param>
          </params>
          <reporter-output>
          </reporter-output>
        </test-method> <!-- runScenario -->
        <test-method signature="runScenario(io.cucumber.testng.PickleWrapper,io.cucumber.testng.FeatureWrapper)[pri:0, instance:TestRunner@4d1c005e]" started-at="2024-09-24T23:32:51 IST" name="runScenario" description="Runs Cucumber Scenarios" data-provider="scenarios" finished-at="2024-09-24T23:32:51 IST" duration-ms="26" status="PASS">
          <params>
            <param index="0">
              <value>
                <![CDATA["parameterization method04"]]>
              </value>
            </param>
            <param index="1">
              <value>
                <![CDATA["login Application page"]]>
              </value>
            </param>
          </params>
          <reporter-output>
          </reporter-output>
        </test-method> <!-- runScenario -->
        <test-method signature="runScenario(io.cucumber.testng.PickleWrapper,io.cucumber.testng.FeatureWrapper)[pri:0, instance:TestRunner@4d1c005e]" started-at="2024-09-24T23:32:51 IST" name="runScenario" description="Runs Cucumber Scenarios" data-provider="scenarios" finished-at="2024-09-24T23:32:51 IST" duration-ms="37" status="PASS">
          <params>
            <param index="0">
              <value>
                <![CDATA["parameterization method04"]]>
              </value>
            </param>
            <param index="1">
              <value>
                <![CDATA["login Application page"]]>
              </value>
            </param>
          </params>
          <reporter-output>
          </reporter-output>
        </test-method> <!-- runScenario -->
        <test-method signature="runScenario(io.cucumber.testng.PickleWrapper,io.cucumber.testng.FeatureWrapper)[pri:0, instance:TestRunner@4d1c005e]" started-at="2024-09-24T23:32:51 IST" name="runScenario" description="Runs Cucumber Scenarios" data-provider="scenarios" finished-at="2024-09-24T23:32:51 IST" duration-ms="38" status="PASS">
          <params>
            <param index="0">
              <value>
                <![CDATA["Regerx Pattern05"]]>
              </value>
            </param>
            <param index="1">
              <value>
                <![CDATA["login Application page"]]>
              </value>
            </param>
          </params>
          <reporter-output>
          </reporter-output>
        </test-method> <!-- runScenario -->
        <test-method signature="runScenario(io.cucumber.testng.PickleWrapper,io.cucumber.testng.FeatureWrapper)[pri:0, instance:TestRunner@4d1c005e]" started-at="2024-09-24T23:32:51 IST" name="runScenario" description="Runs Cucumber Scenarios" data-provider="scenarios" finished-at="2024-09-24T23:32:51 IST" duration-ms="25" status="PASS">
          <params>
            <param index="0">
              <value>
                <![CDATA["SBI Credit card Process (reuasbility)"]]>
              </value>
            </param>
            <param index="1">
              <value>
                <![CDATA["Title of your feature"]]>
              </value>
            </param>
          </params>
          <reporter-output>
          </reporter-output>
        </test-method> <!-- runScenario -->
        <test-method signature="runScenario(io.cucumber.testng.PickleWrapper,io.cucumber.testng.FeatureWrapper)[pri:0, instance:TestRunner@4d1c005e]" started-at="2024-09-24T23:32:51 IST" name="runScenario" description="Runs Cucumber Scenarios" data-provider="scenarios" finished-at="2024-09-24T23:32:51 IST" duration-ms="34" status="PASS">
          <params>
            <param index="0">
              <value>
                <![CDATA["HDFC Credit card Process (parameterization)"]]>
              </value>
            </param>
            <param index="1">
              <value>
                <![CDATA["Title of your feature"]]>
              </value>
            </param>
          </params>
          <reporter-output>
          </reporter-output>
        </test-method> <!-- runScenario -->
        <test-method signature="runScenario(io.cucumber.testng.PickleWrapper,io.cucumber.testng.FeatureWrapper)[pri:0, instance:TestRunner@4d1c005e]" started-at="2024-09-24T23:32:51 IST" name="runScenario" description="Runs Cucumber Scenarios" data-provider="scenarios" finished-at="2024-09-24T23:32:51 IST" duration-ms="17" status="PASS">
          <params>
            <param index="0">
              <value>
                <![CDATA["HDFC Credit card Process (parameterization)"]]>
              </value>
            </param>
            <param index="1">
              <value>
                <![CDATA["Title of your feature"]]>
              </value>
            </param>
          </params>
          <reporter-output>
          </reporter-output>
        </test-method> <!-- runScenario -->
        <test-method signature="runScenario(io.cucumber.testng.PickleWrapper,io.cucumber.testng.FeatureWrapper)[pri:0, instance:TestRunner@4d1c005e]" started-at="2024-09-24T23:32:51 IST" name="runScenario" description="Runs Cucumber Scenarios" data-provider="scenarios" finished-at="2024-09-24T23:32:51 IST" duration-ms="30" status="PASS">
          <params>
            <param index="0">
              <value>
                <![CDATA["regex pattern format"]]>
              </value>
            </param>
            <param index="1">
              <value>
                <![CDATA["Title of your feature"]]>
              </value>
            </param>
          </params>
          <reporter-output>
          </reporter-output>
        </test-method> <!-- runScenario -->
        <test-method is-config="true" signature="tearDownClass()[pri:0, instance:TestRunner@4d1c005e]" started-at="2024-09-24T23:32:51 IST" name="tearDownClass" finished-at="2024-09-24T23:32:51 IST" duration-ms="47" status="PASS">
          <reporter-output>
          </reporter-output>
        </test-method> <!-- tearDownClass -->
      </class> <!-- TestRunner -->
    </test> <!-- Default test -->
  </suite> <!-- Default suite -->
</testng-results>
